<?xml version="1.0" encoding="UTF-8"?>
<!-- Generated by org.testng.reporters.JUnitXMLReporter -->
<testsuite ignored="0" hostname="LPCAIQ1302" failures="1" tests="1" name="VodafoneTests" time="44.976" errors="0" timestamp="2023-07-07T15:46:59 AST">
  <testcase classname="VodafoneE2ETest" name="E2ETest" time="36.631">
    <failure type="java.lang.AssertionError" message="Expected condition failed: waiting for presence of element located by: By.xpath: //div[@class=&amp;apos;cart_checkout fontLightEnAr&amp;apos;]//button[@class=&amp;apos;btn btn-red&amp;apos;] (tried for 15 second(s) with 500 milliseconds interval)

RootCauseFailure: 
[org.openqa.selenium.NoSuchElementException: no such element: Unable to locate element: {&amp;quot;method&amp;quot;:&amp;quot;xpath&amp;quot;,&amp;quot;selector&amp;quot;:&amp;quot;//div[@class=&amp;apos;cart_checkout fontLightEnAr&amp;apos;]//button[@class=&amp;apos;btn btn-red&amp;apos;]&amp;quot;}
  (Session info: chrome=114.0.5735.199)
For documentation on this error, please visit: https://www.selenium.dev/documentation/webdriver/troubleshooting/errors#no-such-element-exception
Build info: version: &amp;apos;4.10.0&amp;apos;, revision: &amp;apos;c14d967899&amp;apos;
System info: os.name: &amp;apos;Windows 11&amp;apos;, os.arch: &amp;apos;amd64&amp;apos;, os.version: &amp;apos;10.0&amp;apos;, java.version: &amp;apos;17.0.7&amp;apos;
Driver info: org.openqa.selenium.chrome.ChromeDriver
Command: [4be8ed5a3edda333a67d53ba1bf3a52f, findElement {using=xpath, value=//div[@class=&amp;apos;cart_checkout fontLightEnAr&amp;apos;]//button[@class=&amp;apos;btn btn-red&amp;apos;]}]
Capabilities {acceptInsecureCerts: false, browserName: chrome, browserVersion: 114.0.5735.199, chrome: {chromedriverVersion: 114.0.5735.90 (386bc09e8f4f..., userDataDir: C:\Users\magamy\AppData\Loc...}, goog:chromeOptions: {debuggerAddress: localhost:58349}, networkConnectionEnabled: false, pageLoadStrategy: normal, platformName: windows, proxy: Proxy(), se:cdp: ws://localhost:58349/devtoo..., se:cdpVersion: 114.0.5735.199, setWindowRect: true, strictFileInteractability: false, timeouts: {implicit: 0, pageLoad: 300000, script: 30000}, unhandledPromptBehavior: dismiss and notify, webauthn:extension:credBlob: true, webauthn:extension:largeBlob: true, webauthn:extension:minPinLength: true, webauthn:extension:prf: true, webauthn:virtualAuthenticators: true}
Session ID: 4be8ed5a3edda333a67d53ba1bf3a52f]">
      <![CDATA[java.lang.AssertionError: Expected condition failed: waiting for presence of element located by: By.xpath: //div[@class='cart_checkout fontLightEnAr']//button[@class='btn btn-red'] (tried for 15 second(s) with 500 milliseconds interval)

RootCauseFailure: 
[org.openqa.selenium.NoSuchElementException: no such element: Unable to locate element: {"method":"xpath","selector":"//div[@class='cart_checkout fontLightEnAr']//button[@class='btn btn-red']"}
  (Session info: chrome=114.0.5735.199)
For documentation on this error, please visit: https://www.selenium.dev/documentation/webdriver/troubleshooting/errors#no-such-element-exception
Build info: version: '4.10.0', revision: 'c14d967899'
System info: os.name: 'Windows 11', os.arch: 'amd64', os.version: '10.0', java.version: '17.0.7'
Driver info: org.openqa.selenium.chrome.ChromeDriver
Command: [4be8ed5a3edda333a67d53ba1bf3a52f, findElement {using=xpath, value=//div[@class='cart_checkout fontLightEnAr']//button[@class='btn btn-red']}]
Capabilities {acceptInsecureCerts: false, browserName: chrome, browserVersion: 114.0.5735.199, chrome: {chromedriverVersion: 114.0.5735.90 (386bc09e8f4f..., userDataDir: C:\Users\magamy\AppData\Loc...}, goog:chromeOptions: {debuggerAddress: localhost:58349}, networkConnectionEnabled: false, pageLoadStrategy: normal, platformName: windows, proxy: Proxy(), se:cdp: ws://localhost:58349/devtoo..., se:cdpVersion: 114.0.5735.199, setWindowRect: true, strictFileInteractability: false, timeouts: {implicit: 0, pageLoad: 300000, script: 30000}, unhandledPromptBehavior: dismiss and notify, webauthn:extension:credBlob: true, webauthn:extension:largeBlob: true, webauthn:extension:minPinLength: true, webauthn:extension:prf: true, webauthn:virtualAuthenticators: true}
Session ID: 4be8ed5a3edda333a67d53ba1bf3a52f]
at com.ej.utils.LoggingManager.logThrowable(LoggingManager.java:338)
at com.ej.factories.elements.ElementActionsFactory.click(ElementActionsFactory.java:36)
at pages.vodafoneEShop.VodShoppingCartPage.clickProceed(VodShoppingCartPage.java:17)
at VodafoneE2ETest.E2ETest(VodafoneE2ETest.java:20)
at java.base/java.util.ArrayList.forEach(ArrayList.java:1511)
at com.intellij.rt.testng.IDEARemoteTestNG.run(IDEARemoteTestNG.java:66)
at com.intellij.rt.testng.RemoteTestNGStarter.main(RemoteTestNGStarter.java:105)
... Removed 25 stack frames]]>
    </failure>
  </testcase> <!-- E2ETest -->
</testsuite> <!-- VodafoneTests -->
